<?xml version="1.0" encoding="UTF-8"?>
<!-- Generated by org.testng.reporters.JUnitReportReporter -->
<testsuite hostname="ET-C02T91MYG8WN.local" failures="0" tests="3" name="org.selenium.pom.tests.CouponsTest" time="27.866" errors="0" timestamp="2022-05-17T16:37:21 IST" skipped="0">
  <testcase classname="org.selenium.pom.tests.CouponsTest" name="guestCheckoutUsingCoupons" time="9.732"/>
  <system-out/>
  <testcase classname="org.selenium.pom.tests.CouponsTest" name="guestCheckoutUsingCoupons" time="6.088"/>
  <system-out/>
  <testcase classname="org.selenium.pom.tests.CouponsTest" name="guestCheckoutUsingCoupons" time="12.046"/>
  <system-out/>
</testsuite> <!-- org.selenium.pom.tests.CouponsTest -->
