<?xml version="1.0" encoding="UTF-8"?>
<!-- Generated by org.testng.reporters.JUnitReportReporter -->
<testsuite hostname="ET-C02T91MYG8WN.local" failures="0" tests="3" name="org.selenium.pom.tests.CouponsTest" time="25.132" errors="0" timestamp="2022-05-17T15:10:19 IST" skipped="0">
  <testcase classname="org.selenium.pom.tests.CouponsTest" name="guestCheckoutUsingCoupons" time="9.116"/>
  <system-out/>
  <testcase classname="org.selenium.pom.tests.CouponsTest" name="guestCheckoutUsingCoupons" time="9.692"/>
  <system-out/>
  <testcase classname="org.selenium.pom.tests.CouponsTest" name="guestCheckoutUsingCoupons" time="6.324"/>
  <system-out/>
</testsuite> <!-- org.selenium.pom.tests.CouponsTest -->
